<?xml version="1.0" encoding="UTF-8"?>
<!-- Generated by org.testng.reporters.JUnitXMLReporter -->
<testsuite hostname="asda1704po02529" name="Any Name" tests="4" failures="0" timestamp="2 Jul 2018 10:33:11 GMT" time="10.846" errors="0">
  <testcase name="firstPage" time="0.151" classname="test.AppTest"/>
  <testcase name="SecondPage" time="2.982" classname="test.AppTest"/>
  <testcase name="thirdPage" time="0.331" classname="test.AppTest"/>
  <testcase name="fourthPage" time="5.273" classname="test.AppTest"/>
</testsuite> <!-- Any Name -->
